#
# There is insufficient memory for the Java Runtime Environment to continue.
# Native memory allocation (malloc) failed to allocate 32744 bytes for ChunkPool::allocate
# Possible reasons:
#   The system is out of physical RAM or swap space
#   The process is running with CompressedOops enabled, and the Java Heap may be blocking the growth of the native heap
# Possible solutions:
#   Reduce memory load on the system
#   Increase physical memory or swap space
#   Check if swap backing store is full
#   Decrease Java heap size (-Xmx/-Xms)
#   Decrease number of Java threads
#   Decrease Java thread stack sizes (-Xss)
#   Set larger code cache with -XX:ReservedCodeCacheSize=
#   JVM is running with Unscaled Compressed Oops mode in which the Java heap is
#     placed in the first 4GB address space. The Java Heap base address is the
#     maximum limit for the native heap growth. Please use -XX:HeapBaseMinAddress
#     to set the Java Heap base and to place the Java Heap above 4GB virtual address.
# This output file may be truncated or incomplete.
#
#  Out of Memory Error (allocation.cpp:272), pid=7080, tid=0x0000000000002ee4
#
# JRE version: Java(TM) SE Runtime Environment (8.0_231-b11) (build 1.8.0_231-b11)
# Java VM: Java HotSpot(TM) 64-Bit Server VM (25.231-b11 mixed mode windows-amd64 compressed oops)
# Failed to write core dump. Minidumps are not enabled by default on client versions of Windows
#

---------------  T H R E A D  ---------------

Current thread (0x0000000019cb1800):  JavaThread "C1 CompilerThread3" daemon [_thread_in_native, id=12004, stack(0x000000001adc0000,0x000000001aec0000)]

Stack: [0x000000001adc0000,0x000000001aec0000]
[error occurred during error reporting (printing stack bounds), id 0xc0000005]

Native frames: (J=compiled Java code, j=interpreted, Vv=VM code, C=native code)


Current CompileTask:
C1:  32323 4996       1       java.text.SimpleDateFormat::subFormat (1260 bytes)


---------------  P R O C E S S  ---------------

Java Threads: ( => current thread )
  0x000000001f450800 JavaThread "RMI TCP Connection(idle)" daemon [_thread_blocked, id=8480, stack(0x0000000021430000,0x0000000021530000)]
  0x000000001f44f800 JavaThread "DestroyJavaVM" [_thread_blocked, id=10604, stack(0x0000000002780000,0x0000000002880000)]
  0x000000001f452000 JavaThread "http-nio-8080-Acceptor" daemon [_thread_in_native, id=2064, stack(0x0000000021330000,0x0000000021430000)]
  0x000000001f44e000 JavaThread "http-nio-8080-ClientPoller" daemon [_thread_in_native, id=6720, stack(0x0000000021230000,0x0000000021330000)]
  0x000000001f451000 JavaThread "http-nio-8080-exec-10" daemon [_thread_blocked, id=6036, stack(0x0000000021130000,0x0000000021230000)]
  0x000000001f350000 JavaThread "http-nio-8080-exec-9" daemon [_thread_blocked, id=1304, stack(0x0000000021030000,0x0000000021130000)]
  0x000000001f34e800 JavaThread "http-nio-8080-exec-8" daemon [_thread_blocked, id=4376, stack(0x0000000020f30000,0x0000000021030000)]
  0x000000001f34f800 JavaThread "http-nio-8080-exec-7" daemon [_thread_blocked, id=9584, stack(0x0000000020e30000,0x0000000020f30000)]
  0x000000001f34e000 JavaThread "http-nio-8080-exec-6" daemon [_thread_blocked, id=5968, stack(0x0000000020d30000,0x0000000020e30000)]
  0x000000001f34d000 JavaThread "http-nio-8080-exec-5" daemon [_thread_blocked, id=10396, stack(0x0000000020c30000,0x0000000020d30000)]
  0x000000001f349800 JavaThread "http-nio-8080-exec-4" daemon [_thread_blocked, id=10368, stack(0x0000000020b30000,0x0000000020c30000)]
  0x000000001f34c800 JavaThread "http-nio-8080-exec-3" daemon [_thread_blocked, id=4880, stack(0x0000000020a30000,0x0000000020b30000)]
  0x000000001f34b800 JavaThread "http-nio-8080-exec-2" daemon [_thread_blocked, id=8512, stack(0x0000000020930000,0x0000000020a30000)]
  0x000000001f34b000 JavaThread "http-nio-8080-exec-1" daemon [_thread_blocked, id=3508, stack(0x0000000020830000,0x0000000020930000)]
  0x000000001f34a000 JavaThread "http-nio-8080-BlockPoller" daemon [_thread_in_native, id=9388, stack(0x0000000020730000,0x0000000020830000)]
  0x0000000019a88000 JavaThread "HikariPool-1 housekeeper" daemon [_thread_blocked, id=11124, stack(0x000000001e760000,0x000000001e860000)]
  0x0000000019a63800 JavaThread "InterruptTimer" daemon [_thread_blocked, id=2616, stack(0x000000001e460000,0x000000001e560000)]
  0x0000000019a60800 JavaThread "oracle.jdbc.driver.BlockSource.ThreadedCachingBlockSource.BlockReleaser" daemon [_thread_blocked, id=4768, stack(0x000000001dc60000,0x000000001dd60000)]
  0x000000001c73d800 JavaThread "container-0" [_thread_blocked, id=2480, stack(0x000000001db60000,0x000000001dc60000)]
  0x000000001c73d000 JavaThread "Catalina-utility-2" [_thread_blocked, id=9704, stack(0x000000001da60000,0x000000001db60000)]
  0x000000001c6cc800 JavaThread "Catalina-utility-1" [_thread_blocked, id=2012, stack(0x000000001bd90000,0x000000001be90000)]
  0x000000001a6dd000 JavaThread "RMI Scheduler(0)" daemon [_thread_blocked, id=10536, stack(0x000000001b890000,0x000000001b990000)]
  0x000000001a6aa000 JavaThread "RMI TCP Connection(3)-192.168.99.1" daemon [_thread_in_native, id=8208, stack(0x000000001b790000,0x000000001b890000)]
  0x000000001a490800 JavaThread "RMI TCP Accept-0" daemon [_thread_in_native, id=6432, stack(0x000000001b2a0000,0x000000001b3a0000)]
  0x000000001a26b000 JavaThread "Service Thread" daemon [_thread_blocked, id=4824, stack(0x000000001aec0000,0x000000001afc0000)]
=>0x0000000019cb1800 JavaThread "C1 CompilerThread3" daemon [_thread_in_native, id=12004, stack(0x000000001adc0000,0x000000001aec0000)]
  0x0000000019ca8800 JavaThread "C2 CompilerThread2" daemon [_thread_blocked, id=6004, stack(0x000000001acc0000,0x000000001adc0000)]
  0x0000000019ca4000 JavaThread "C2 CompilerThread1" daemon [_thread_blocked, id=6652, stack(0x000000001abc0000,0x000000001acc0000)]
  0x0000000019ca0000 JavaThread "C2 CompilerThread0" daemon [_thread_blocked, id=6428, stack(0x000000001aac0000,0x000000001abc0000)]
  0x0000000019c9e800 JavaThread "Monitor Ctrl-Break" daemon [_thread_in_native, id=7876, stack(0x000000001a9c0000,0x000000001aac0000)]
  0x000000001991a000 JavaThread "Attach Listener" daemon [_thread_blocked, id=8524, stack(0x000000001a0c0000,0x000000001a1c0000)]
  0x0000000019919000 JavaThread "Signal Dispatcher" daemon [_thread_blocked, id=1724, stack(0x0000000019fc0000,0x000000001a0c0000)]
  0x0000000019901000 JavaThread "Finalizer" daemon [_thread_blocked, id=7704, stack(0x0000000019de0000,0x0000000019ee0000)]
  0x0000000019900800 JavaThread "Reference Handler" daemon [_thread_blocked, id=9660, stack(0x0000000019ce0000,0x0000000019de0000)]

Other Threads:
  0x0000000017af9800 VMThread [stack: 0x00000000197e0000,0x00000000198e0000] [id=5548]
  0x000000001a496800 WatcherThread [stack: 0x000000001b3a0000,0x000000001b4a0000] [id=11416]

VM state:not at safepoint (normal execution)

VM Mutex/Monitor currently owned by a thread: None

heap address: 0x0000000081400000, size: 2028 MB, Compressed Oops mode: 32-bit
Narrow klass base: 0x0000000000000000, Narrow klass shift: 3
Compressed class space size: 1073741824 Address: 0x0000000100000000

Heap:
 PSYoungGen      total 188416K, used 54153K [0x00000000d5c00000, 0x00000000e2680000, 0x0000000100000000)
  eden space 174080K, 31% used [0x00000000d5c00000,0x00000000d90e2448,0x00000000e0600000)
  from space 14336K, 0% used [0x00000000e1880000,0x00000000e1880000,0x00000000e2680000)
  to   space 16384K, 0% used [0x00000000e0680000,0x00000000e0680000,0x00000000e1680000)
 ParOldGen       total 137728K, used 25402K [0x0000000081400000, 0x0000000089a80000, 0x00000000d5c00000)
  object space 137728K, 18% used [0x0000000081400000,0x0000000082ccea78,0x0000000089a80000)
 Metaspace       used 60037K, capacity 63478K, committed 63744K, reserved 1103872K
  class space    used 8288K, capacity 8882K, committed 8960K, reserved 1048576K

Card table byte_map: [0x0000000011f00000,0x0000000012300000] byte_map_base: 0x0000000011af6000

Marking Bits: (ParMarkBitMap*) 0x0000000066626d90
 Begin Bits: [0x0000000012db0000, 0x0000000014d60000)
 End Bits:   [0x0000000014d60000, 0x0000000016d10000)

Polling page: 0x00000000025a0000

CodeCache: size=245760Kb used=8871Kb max_used=8871Kb free=236888Kb
 bounds [0x0000000002b40000, 0x00000000033f0000, 0x0000000011b40000]
 total_blobs=5533 nmethods=4891 adapters=552
 compilation: enabled

Compilation events (10 events):
Event: 32.244 Thread 0x0000000019cb1800 nmethod 4994 0x00000000033e8c90 code [0x00000000033e8ea0, 0x00000000033e96e8]
Event: 32.244 Thread 0x0000000019cb1800 4992       1       com.fasterxml.jackson.core.type.ResolvedType::isReferenceType (13 bytes)
Event: 32.244 Thread 0x0000000019cb1800 nmethod 4992 0x00000000033e9e90 code [0x00000000033e9fe0, 0x00000000033ea128]
Event: 32.244 Thread 0x0000000019cb1800 4995       1       com.fasterxml.jackson.databind.JavaType::getReferencedType (5 bytes)
Event: 32.245 Thread 0x0000000019cb1800 nmethod 4995 0x00000000033ea190 code [0x00000000033ea2e0, 0x00000000033ea3f0]
Event: 32.245 Thread 0x0000000019cb1800 4991       1       com.fasterxml.jackson.datatype.jdk8.Jdk8TypeModifier::modifyType (108 bytes)
Event: 32.246 Thread 0x0000000019cb1800 nmethod 4991 0x00000000033ea450 code [0x00000000033ea640, 0x00000000033eaaf8]
Event: 32.246 Thread 0x0000000019cb1800 4993       1       com.fasterxml.jackson.databind.type.TypeFactory::_fromAny (171 bytes)
Event: 32.248 Thread 0x0000000019cb1800 nmethod 4993 0x00000000033eaf10 code [0x00000000033eb160, 0x00000000033ebb18]
Event: 32.251 Thread 0x0000000019cb1800 4996       1       java.text.SimpleDateFormat::subFormat (1260 bytes)

GC Heap History (10 events):
Event: 9.509 GC heap before
{Heap before GC invocations=9 (full 1):
 PSYoungGen      total 140288K, used 49731K [0x00000000d5c00000, 0x00000000dfe00000, 0x0000000100000000)
  eden space 131584K, 31% used [0x00000000d5c00000,0x00000000d84181c8,0x00000000ddc80000)
  from space 8704K, 99% used [0x00000000ddc80000,0x00000000de4f8b88,0x00000000de500000)
  to   space 9728K, 0% used [0x00000000df480000,0x00000000df480000,0x00000000dfe00000)
 ParOldGen       total 59904K, used 8244K [0x0000000081400000, 0x0000000084e80000, 0x00000000d5c00000)
  object space 59904K, 13% used [0x0000000081400000,0x0000000081c0d290,0x0000000084e80000)
 Metaspace       used 33314K, capacity 35398K, committed 35496K, reserved 1079296K
  class space    used 4637K, capacity 5029K, committed 5120K, reserved 1048576K
Event: 9.536 GC heap after
Heap after GC invocations=9 (full 1):
 PSYoungGen      total 155136K, used 9720K [0x00000000d5c00000, 0x00000000e3180000, 0x0000000100000000)
  eden space 145408K, 0% used [0x00000000d5c00000,0x00000000d5c00000,0x00000000dea00000)
  from space 9728K, 99% used [0x00000000df480000,0x00000000dfdfe3e0,0x00000000dfe00000)
  to   space 10752K, 0% used [0x00000000dea00000,0x00000000dea00000,0x00000000df480000)
 ParOldGen       total 59904K, used 8356K [0x0000000081400000, 0x0000000084e80000, 0x00000000d5c00000)
  object space 59904K, 13% used [0x0000000081400000,0x0000000081c29180,0x0000000084e80000)
 Metaspace       used 33314K, capacity 35398K, committed 35496K, reserved 1079296K
  class space    used 4637K, capacity 5029K, committed 5120K, reserved 1048576K
}
Event: 9.536 GC heap before
{Heap before GC invocations=10 (full 2):
 PSYoungGen      total 155136K, used 9720K [0x00000000d5c00000, 0x00000000e3180000, 0x0000000100000000)
  eden space 145408K, 0% used [0x00000000d5c00000,0x00000000d5c00000,0x00000000dea00000)
  from space 9728K, 99% used [0x00000000df480000,0x00000000dfdfe3e0,0x00000000dfe00000)
  to   space 10752K, 0% used [0x00000000dea00000,0x00000000dea00000,0x00000000df480000)
 ParOldGen       total 59904K, used 8356K [0x0000000081400000, 0x0000000084e80000, 0x00000000d5c00000)
  object space 59904K, 13% used [0x0000000081400000,0x0000000081c29180,0x0000000084e80000)
 Metaspace       used 33314K, capacity 35398K, committed 35496K, reserved 1079296K
  class space    used 4637K, capacity 5029K, committed 5120K, reserved 1048576K
Event: 9.702 GC heap after
Heap after GC invocations=10 (full 2):
 PSYoungGen      total 155136K, used 0K [0x00000000d5c00000, 0x00000000e3180000, 0x0000000100000000)
  eden space 145408K, 0% used [0x00000000d5c00000,0x00000000d5c00000,0x00000000dea00000)
  from space 9728K, 0% used [0x00000000df480000,0x00000000df480000,0x00000000dfe00000)
  to   space 10752K, 0% used [0x00000000dea00000,0x00000000dea00000,0x00000000df480000)
 ParOldGen       total 95232K, used 15042K [0x0000000081400000, 0x0000000087100000, 0x00000000d5c00000)
  object space 95232K, 15% used [0x0000000081400000,0x00000000822b0a38,0x0000000087100000)
 Metaspace       used 33314K, capacity 35398K, committed 35496K, reserved 1079296K
  class space    used 4637K, capacity 5029K, committed 5120K, reserved 1048576K
}
Event: 14.710 GC heap before
{Heap before GC invocations=11 (full 2):
 PSYoungGen      total 155136K, used 145408K [0x00000000d5c00000, 0x00000000e3180000, 0x0000000100000000)
  eden space 145408K, 100% used [0x00000000d5c00000,0x00000000dea00000,0x00000000dea00000)
  from space 9728K, 0% used [0x00000000df480000,0x00000000df480000,0x00000000dfe00000)
  to   space 10752K, 0% used [0x00000000dea00000,0x00000000dea00000,0x00000000df480000)
 ParOldGen       total 95232K, used 15042K [0x0000000081400000, 0x0000000087100000, 0x00000000d5c00000)
  object space 95232K, 15% used [0x0000000081400000,0x00000000822b0a38,0x0000000087100000)
 Metaspace       used 48181K, capacity 50542K, committed 50816K, reserved 1093632K
  class space    used 6727K, capacity 7203K, committed 7296K, reserved 1048576K
Event: 14.740 GC heap after
Heap after GC invocations=11 (full 2):
 PSYoungGen      total 156160K, used 10736K [0x00000000d5c00000, 0x00000000e2680000, 0x0000000100000000)
  eden space 145408K, 0% used [0x00000000d5c00000,0x00000000d5c00000,0x00000000dea00000)
  from space 10752K, 99% used [0x00000000dea00000,0x00000000df47c0a0,0x00000000df480000)
  to   space 14336K, 0% used [0x00000000e1880000,0x00000000e1880000,0x00000000e2680000)
 ParOldGen       total 95232K, used 20435K [0x0000000081400000, 0x0000000087100000, 0x00000000d5c00000)
  object space 95232K, 21% used [0x0000000081400000,0x00000000827f4e40,0x0000000087100000)
 Metaspace       used 48181K, capacity 50542K, committed 50816K, reserved 1093632K
  class space    used 6727K, capacity 7203K, committed 7296K, reserved 1048576K
}
Event: 29.320 GC heap before
{Heap before GC invocations=12 (full 2):
 PSYoungGen      total 156160K, used 131356K [0x00000000d5c00000, 0x00000000e2680000, 0x0000000100000000)
  eden space 145408K, 82% used [0x00000000d5c00000,0x00000000dd1cb090,0x00000000dea00000)
  from space 10752K, 99% used [0x00000000dea00000,0x00000000df47c0a0,0x00000000df480000)
  to   space 14336K, 0% used [0x00000000e1880000,0x00000000e1880000,0x00000000e2680000)
 ParOldGen       total 95232K, used 20435K [0x0000000081400000, 0x0000000087100000, 0x00000000d5c00000)
  object space 95232K, 21% used [0x0000000081400000,0x00000000827f4e40,0x0000000087100000)
 Metaspace       used 55810K, capacity 59070K, committed 59160K, reserved 1099776K
  class space    used 7705K, capacity 8292K, committed 8320K, reserved 1048576K
Event: 29.361 GC heap after
Heap after GC invocations=12 (full 2):
 PSYoungGen      total 188416K, used 14322K [0x00000000d5c00000, 0x00000000e2680000, 0x0000000100000000)
  eden space 174080K, 0% used [0x00000000d5c00000,0x00000000d5c00000,0x00000000e0600000)
  from space 14336K, 99% used [0x00000000e1880000,0x00000000e267c858,0x00000000e2680000)
  to   space 16384K, 0% used [0x00000000e0680000,0x00000000e0680000,0x00000000e1680000)
 ParOldGen       total 95232K, used 22011K [0x0000000081400000, 0x0000000087100000, 0x00000000d5c00000)
  object space 95232K, 23% used [0x0000000081400000,0x000000008297eda0,0x0000000087100000)
 Metaspace       used 55810K, capacity 59070K, committed 59160K, reserved 1099776K
  class space    used 7705K, capacity 8292K, committed 8320K, reserved 1048576K
}
Event: 29.361 GC heap before
{Heap before GC invocations=13 (full 3):
 PSYoungGen      total 188416K, used 14322K [0x00000000d5c00000, 0x00000000e2680000, 0x0000000100000000)
  eden space 174080K, 0% used [0x00000000d5c00000,0x00000000d5c00000,0x00000000e0600000)
  from space 14336K, 99% used [0x00000000e1880000,0x00000000e267c858,0x00000000e2680000)
  to   space 16384K, 0% used [0x00000000e0680000,0x00000000e0680000,0x00000000e1680000)
 ParOldGen       total 95232K, used 22011K [0x0000000081400000, 0x0000000087100000, 0x00000000d5c00000)
  object space 95232K, 23% used [0x0000000081400000,0x000000008297eda0,0x0000000087100000)
 Metaspace       used 55810K, capacity 59070K, committed 59160K, reserved 1099776K
  class space    used 7705K, capacity 8292K, committed 8320K, reserved 1048576K
Event: 29.814 GC heap after
Heap after GC invocations=13 (full 3):
 PSYoungGen      total 188416K, used 0K [0x00000000d5c00000, 0x00000000e2680000, 0x0000000100000000)
  eden space 174080K, 0% used [0x00000000d5c00000,0x00000000d5c00000,0x00000000e0600000)
  from space 14336K, 0% used [0x00000000e1880000,0x00000000e1880000,0x00000000e2680000)
  to   space 16384K, 0% used [0x00000000e0680000,0x00000000e0680000,0x00000000e1680000)
 ParOldGen       total 137728K, used 25402K [0x0000000081400000, 0x0000000089a80000, 0x00000000d5c00000)
  object space 137728K, 18% used [0x0000000081400000,0x0000000082ccea78,0x0000000089a80000)
 Metaspace       used 55810K, capacity 59070K, committed 59160K, reserved 1099776K
  class space    used 7705K, capacity 8292K, committed 8320K, reserved 1048576K
}

Deoptimization events (0 events):
No events

Classes redefined (0 events):
No events

Internal exceptions (10 events):
Event: 32.163 Thread 0x000000001f34b000 Exception <a 'java/lang/ArrayIndexOutOfBoundsException'> (0x00000000d8ba52c8) thrown at [C:\re\workspace\8-2-build-windows-amd64-cygwin\jdk8u231\13620\hotspot\src\share\vm\runtime\sharedRuntime.cpp, line 605]
Event: 32.163 Thread 0x000000001f350000 Exception <a 'java/lang/ArrayIndexOutOfBoundsException'> (0x00000000d8bd6738) thrown at [C:\re\workspace\8-2-build-windows-amd64-cygwin\jdk8u231\13620\hotspot\src\share\vm\runtime\sharedRuntime.cpp, line 605]
Event: 32.163 Thread 0x000000001f451000 Exception <a 'java/lang/ArrayIndexOutOfBoundsException'> (0x00000000d8b2f5f8) thrown at [C:\re\workspace\8-2-build-windows-amd64-cygwin\jdk8u231\13620\hotspot\src\share\vm\runtime\sharedRuntime.cpp, line 605]
Event: 32.228 Thread 0x000000001f350000 Exception <a 'java/lang/ArrayIndexOutOfBoundsException'> (0x00000000d903b028) thrown at [C:\re\workspace\8-2-build-windows-amd64-cygwin\jdk8u231\13620\hotspot\src\share\vm\runtime\sharedRuntime.cpp, line 605]
Event: 32.228 Thread 0x000000001f34b000 Exception <a 'java/lang/ArrayIndexOutOfBoundsException'> (0x00000000d8f1d8d0) thrown at [C:\re\workspace\8-2-build-windows-amd64-cygwin\jdk8u231\13620\hotspot\src\share\vm\runtime\sharedRuntime.cpp, line 605]
Event: 32.228 Thread 0x000000001f451000 Exception <a 'java/lang/ArrayIndexOutOfBoundsException'> (0x00000000d8e25118) thrown at [C:\re\workspace\8-2-build-windows-amd64-cygwin\jdk8u231\13620\hotspot\src\share\vm\runtime\sharedRuntime.cpp, line 605]
Event: 32.241 Thread 0x000000001f350000 Exception <a 'java/lang/ArrayIndexOutOfBoundsException'> (0x00000000d904dc08) thrown at [C:\re\workspace\8-2-build-windows-amd64-cygwin\jdk8u231\13620\hotspot\src\share\vm\runtime\sharedRuntime.cpp, line 605]
Event: 32.241 Thread 0x000000001f34b000 Exception <a 'java/lang/ArrayIndexOutOfBoundsException'> (0x00000000d8f22c70) thrown at [C:\re\workspace\8-2-build-windows-amd64-cygwin\jdk8u231\13620\hotspot\src\share\vm\runtime\sharedRuntime.cpp, line 605]
Event: 32.241 Thread 0x000000001f34e800 Exception <a 'java/lang/ArrayIndexOutOfBoundsException'> (0x00000000d8fe7108) thrown at [C:\re\workspace\8-2-build-windows-amd64-cygwin\jdk8u231\13620\hotspot\src\share\vm\runtime\sharedRuntime.cpp, line 605]
Event: 32.241 Thread 0x000000001f451000 Exception <a 'java/lang/ArrayIndexOutOfBoundsException'> (0x00000000d8e40300) thrown at [C:\re\workspace\8-2-build-windows-amd64-cygwin\jdk8u231\13620\hotspot\src\share\vm\runtime\sharedRuntime.cpp, line 605]

Events (10 events):
Event: 32.249 loading class com/fasterxml/jackson/databind/ser/impl/PropertySerializerMap$Multi
Event: 32.249 loading class com/fasterxml/jackson/databind/ser/impl/PropertySerializerMap$Multi done
Event: 32.254 Executing VM operation: RevokeBias
Event: 32.254 Executing VM operation: RevokeBias done
Event: 32.254 Executing VM operation: RevokeBias
Event: 32.254 Executing VM operation: RevokeBias done
Event: 32.255 Executing VM operation: RevokeBias
Event: 32.255 Executing VM operation: RevokeBias done
Event: 32.255 Executing VM operation: RevokeBias
Event: 32.255 Executing VM operation: RevokeBias done


Dynamic libraries:
0x00007ff6b8870000 - 0x00007ff6b88a7000 	C:\Program Files\Java\jdk1.8.0_231\bin\java.exe
0x00007fff31c20000 - 0x00007fff31dcc000 	C:\Windows\SYSTEM32\ntdll.dll
0x00007fff31440000 - 0x00007fff3157e000 	C:\Windows\system32\KERNEL32.DLL
0x00007fff2eea0000 - 0x00007fff2efb5000 	C:\Windows\system32\KERNELBASE.dll
0x00007fff2d910000 - 0x00007fff2d99e000 	C:\Windows\system32\apphelp.dll
0x00007fff2a4f0000 - 0x00007fff2a543000 	C:\Windows\AppPatch\AppPatch64\AcGenral.DLL
0x00007fff2f2a0000 - 0x00007fff2f34a000 	C:\Windows\system32\msvcrt.dll
0x00007fff2ec10000 - 0x00007fff2ec3e000 	C:\Windows\SYSTEM32\SspiCli.dll
0x00007fff2f560000 - 0x00007fff2f5b4000 	C:\Windows\system32\SHLWAPI.dll
0x00007fff2f660000 - 0x00007fff2f7d7000 	C:\Windows\system32\USER32.dll
0x00007fff319b0000 - 0x00007fff31b44000 	C:\Windows\system32\ole32.dll
0x00007fff2fc10000 - 0x00007fff31128000 	C:\Windows\system32\SHELL32.dll
0x00007fff2e350000 - 0x00007fff2e371000 	C:\Windows\SYSTEM32\USERENV.dll
0x00007fff31900000 - 0x00007fff319aa000 	C:\Windows\system32\ADVAPI32.dll
0x00007fff2a030000 - 0x00007fff2a04e000 	C:\Windows\SYSTEM32\MPR.dll
0x00007fff2f350000 - 0x00007fff2f491000 	C:\Windows\system32\RPCRT4.dll
0x00007fff2f7e0000 - 0x00007fff2f839000 	C:\Windows\SYSTEM32\sechost.dll
0x00007fff316e0000 - 0x00007fff318f1000 	C:\Windows\SYSTEM32\combase.dll
0x00007fff312e0000 - 0x00007fff31431000 	C:\Windows\system32\GDI32.dll
0x00007fff2ed70000 - 0x00007fff2ed85000 	C:\Windows\SYSTEM32\profapi.dll
0x00007fff2d2e0000 - 0x00007fff2d392000 	C:\Windows\SYSTEM32\SHCORE.dll
0x00007fff2fbd0000 - 0x00007fff2fc06000 	C:\Windows\system32\IMM32.DLL
0x00007fff31580000 - 0x00007fff316d3000 	C:\Windows\system32\MSCTF.dll
0x00007fff2c9c0000 - 0x00007fff2cc3b000 	C:\Windows\WinSxS\amd64_microsoft.windows.common-controls_6595b64144ccf1df_6.0.9600.17415_none_6240486fecbd8abb\COMCTL32.dll
0x00000000666b0000 - 0x0000000066782000 	C:\Program Files\Java\jdk1.8.0_231\jre\bin\msvcr100.dll
0x0000000065e00000 - 0x00000000666a6000 	C:\Program Files\Java\jdk1.8.0_231\jre\bin\server\jvm.dll
0x00007fff12da0000 - 0x00007fff12da9000 	C:\Windows\SYSTEM32\WSOCK32.dll
0x00007fff2c7e0000 - 0x00007fff2c802000 	C:\Windows\SYSTEM32\WINMM.dll
0x00007fff2c810000 - 0x00007fff2c81a000 	C:\Windows\SYSTEM32\VERSION.dll
0x00007fff31bb0000 - 0x00007fff31bb7000 	C:\Windows\system32\PSAPI.DLL
0x00007fff31bc0000 - 0x00007fff31c1a000 	C:\Windows\system32\WS2_32.dll
0x00007fff2c780000 - 0x00007fff2c7aa000 	C:\Windows\SYSTEM32\WINMMBASE.dll
0x00007fff2f650000 - 0x00007fff2f659000 	C:\Windows\system32\NSI.dll
0x00007fff2efc0000 - 0x00007fff2f00f000 	C:\Windows\SYSTEM32\cfgmgr32.dll
0x00007fff2db60000 - 0x00007fff2db88000 	C:\Windows\SYSTEM32\DEVOBJ.dll
0x00007fff2d0a0000 - 0x00007fff2d0af000 	C:\Program Files\Java\jdk1.8.0_231\jre\bin\verify.dll
0x00007fff2b7a0000 - 0x00007fff2b7c9000 	C:\Program Files\Java\jdk1.8.0_231\jre\bin\java.dll
0x00007fff2b740000 - 0x00007fff2b763000 	C:\Program Files\Java\jdk1.8.0_231\jre\bin\instrument.dll
0x00007fff2cfd0000 - 0x00007fff2cfe6000 	C:\Program Files\Java\jdk1.8.0_231\jre\bin\zip.dll
0x00007fff2a4d0000 - 0x00007fff2a4ea000 	C:\Program Files\JetBrains\IntelliJ IDEA 2019.2\bin\breakgen64.dll
0x00007fff26cd0000 - 0x00007fff26cea000 	C:\Program Files\Java\jdk1.8.0_231\jre\bin\net.dll
0x00007fff2e610000 - 0x00007fff2e669000 	C:\Windows\system32\mswsock.dll
0x00007fff2e410000 - 0x00007fff2e4b4000 	C:\Windows\SYSTEM32\DNSAPI.dll
0x00007fff2c4b0000 - 0x00007fff2c4ba000 	C:\Windows\System32\rasadhlp.dll
0x00007fff196f0000 - 0x00007fff1975b000 	C:\Windows\System32\fwpuclnt.dll
0x00007fff2d090000 - 0x00007fff2d09d000 	C:\Program Files\Java\jdk1.8.0_231\jre\bin\management.dll
0x00007fff22630000 - 0x00007fff22642000 	C:\Program Files\Java\jdk1.8.0_231\jre\bin\nio.dll
0x00007fff2e670000 - 0x00007fff2e690000 	C:\Windows\SYSTEM32\CRYPTSP.dll
0x00007fff2e240000 - 0x00007fff2e276000 	C:\Windows\system32\rsaenh.dll
0x00007fff2e900000 - 0x00007fff2e926000 	C:\Windows\SYSTEM32\bcrypt.dll
0x00007fff2ec40000 - 0x00007fff2eca3000 	C:\Windows\system32\bcryptprimitives.dll
0x00007fff2ecb0000 - 0x00007fff2ecbb000 	C:\Windows\SYSTEM32\CRYPTBASE.dll
0x00007fff27810000 - 0x00007fff2783a000 	C:\Windows\SYSTEM32\IPHLPAPI.DLL
0x00007fff27800000 - 0x00007fff2780a000 	C:\Windows\SYSTEM32\WINNSI.DLL
0x00007fff194f0000 - 0x00007fff19506000 	C:\Windows\SYSTEM32\dhcpcsvc6.DLL
0x00007fff197b0000 - 0x00007fff197ca000 	C:\Windows\SYSTEM32\dhcpcsvc.DLL
0x00007fff0d390000 - 0x00007fff0d3a5000 	C:\Windows\system32\napinsp.dll
0x00007fff0d2c0000 - 0x00007fff0d2da000 	C:\Windows\system32\pnrpnsp.dll
0x00007fff1a150000 - 0x00007fff1a16b000 	C:\Windows\system32\NLAapi.dll
0x00007fff0d2b0000 - 0x00007fff0d2bd000 	C:\Windows\System32\winrnr.dll
0x00007fff0d290000 - 0x00007fff0d2a4000 	C:\Windows\system32\wshbth.dll
0x00007fff1cd50000 - 0x00007fff1cd74000 	C:\Program Files\Java\jdk1.8.0_231\jre\bin\sunec.dll

VM Arguments:
jvm_args: -XX:TieredStopAtLevel=1 -Xverify:none -Dspring.output.ansi.enabled=always -Dcom.sun.management.jmxremote -Dspring.jmx.enabled=true -Dspring.liveBeansView.mbeanDomain -Dspring.application.admin.enabled=true -javaagent:C:\Program Files\JetBrains\IntelliJ IDEA 2019.2\lib\idea_rt.jar=54674:C:\Program Files\JetBrains\IntelliJ IDEA 2019.2\bin -Dfile.encoding=UTF-8 
java_command: com.tuturial.onlinemarket.OnlineMarketApplication
java_class_path (initial): C:\Program Files\Java\jdk1.8.0_231\jre\lib\charsets.jar;C:\Program Files\Java\jdk1.8.0_231\jre\lib\deploy.jar;C:\Program Files\Java\jdk1.8.0_231\jre\lib\ext\access-bridge-64.jar;C:\Program Files\Java\jdk1.8.0_231\jre\lib\ext\cldrdata.jar;C:\Program Files\Java\jdk1.8.0_231\jre\lib\ext\dnsns.jar;C:\Program Files\Java\jdk1.8.0_231\jre\lib\ext\jaccess.jar;C:\Program Files\Java\jdk1.8.0_231\jre\lib\ext\jfxrt.jar;C:\Program Files\Java\jdk1.8.0_231\jre\lib\ext\localedata.jar;C:\Program Files\Java\jdk1.8.0_231\jre\lib\ext\nashorn.jar;C:\Program Files\Java\jdk1.8.0_231\jre\lib\ext\sunec.jar;C:\Program Files\Java\jdk1.8.0_231\jre\lib\ext\sunjce_provider.jar;C:\Program Files\Java\jdk1.8.0_231\jre\lib\ext\sunmscapi.jar;C:\Program Files\Java\jdk1.8.0_231\jre\lib\ext\sunpkcs11.jar;C:\Program Files\Java\jdk1.8.0_231\jre\lib\ext\zipfs.jar;C:\Program Files\Java\jdk1.8.0_231\jre\lib\javaws.jar;C:\Program Files\Java\jdk1.8.0_231\jre\lib\jce.jar;C:\Program Files\Java\jdk1.8.0_231\jre\lib\jfr.jar;C:\Program Files\Java\jdk1.8.0_231\jre\lib\jfxswt.jar;C:\Program Files\Java\jdk1.8.0_231\jre\lib\jsse.jar;C:\Program Files\Java\jdk1.8.0_231\jre\lib\management-agent.jar;C:\Program Files\Java\jdk1.8.0_231\jre\lib\plugin.jar;C:\Program Files\Java\jdk1.8.0_231\jre\lib\resources.jar;C:\Program Files\Java\jdk1.8.0_231\jre\lib\rt.jar;F:\java_tutorial\online-market\online-market\online-market\target\classes;C:\Users\hedi\.m2\repository\commons-io\commons-io\2.8.0\commons-io-2.8.0.jar;C:\Users\hedi\.m2\repository\org\springframework\boot\spring-boot-starter-data-jpa\2.5.0\spring-boot-starter-data-jpa-2.5.0.jar;C:\Users\hedi\.m2\repository\org\springframework\boot\spring-boot-starter-aop\2.5.0\spring-boot-starter-aop-2.5.0.jar;C:\Users\hedi\.m2\repository\org\springframework\spring-aop\5.3.7\spring-aop-5.3.7.jar;C:\Users\hedi\.m2\repository\org\aspectj\aspectjweaver\1.9.6\aspectjweaver-1.9.6.jar;C:\Users\hedi\.m2\repository\org\springframework\boot\spring-boot-starter-jdbc\
Launcher Type: SUN_STANDARD

Environment Variables:
JAVA_HOME=C:\Program Files\Java\jdk1.8.0_231\bin
PATH=C:\Program Files\JetBrains\IntelliJ IDEA 2019.2\jbr\\bin;C:\Program Files\JetBrains\IntelliJ IDEA 2019.2\jbr\\bin\server;C:\Oracle19c\bin;C:\oraclexe\app\oracle\product\11.2.0\server\bin;C:\Program Files (x86)\Common Files\Oracle\Java\javapath;C:\Windows\system32;C:\Windows;C:\Windows\System32\Wbem;C:\Windows\System32\WindowsPowerShell\v1.0\;C:\Program Files\Java\jdk1.8.0_231\bin;C:\Program Files\Git\cmd;C:\xampp\php;C:\Program Files (x86)\Groovy\Groovy-2.1.1\bin;C:\Program Files\;C:\Program Files\Docker Toolbox;C:\Program Files\Docker Toolbox;C:\Users\hedi\AppData\Roaming\npm
USERNAME=hedi
OS=Windows_NT
PROCESSOR_IDENTIFIER=Intel64 Family 6 Model 60 Stepping 3, GenuineIntel



---------------  S Y S T E M  ---------------

OS: Windows 8.1 , 64 bit Build 9600 (6.3.9600.17415)

CPU:total 8 (initial active 8) (4 cores per cpu, 2 threads per core) family 6 model 60 stepping 3, cmov, cx8, fxsr, mmx, sse, sse2, sse3, ssse3, sse4.1, sse4.2, popcnt, avx, avx2, aes, clmul, erms, lzcnt, ht, tsc, tscinvbit, bmi1, bmi2

Memory: 4k page, physical 8302956k(1812000k free), swap 11448684k(4964k free)

vm_info: Java HotSpot(TM) 64-Bit Server VM (25.231-b11) for windows-amd64 JRE (1.8.0_231-b11), built on Oct  5 2019 03:11:30 by "java_re" with MS VC++ 10.0 (VS2010)

time: Sat Jul 03 23:18:49 2021
timezone: Iran Daylight Time
elapsed time: 32 seconds (0d 0h 0m 32s)

